<?xml version="1.0" encoding="UTF-8"?>
<!-- Generated by org.testng.reporters.JUnitReportReporter -->
<testsuite hostname="DESKTOP-LLLGMOJ" failures="0" tests="4" name="datareading.ProductSearch" time="53.083" errors="0" timestamp="2024-05-27T13:56:49 IST" skipped="0">
  <testcase classname="datareading.ProductSearch" name="testSeachProduct" time="13.708"/>
  <system-out/>
  <testcase classname="datareading.ProductSearch" name="testSeachProduct" time="13.211"/>
  <system-out/>
  <testcase classname="datareading.ProductSearch" name="testSeachProduct" time="13.565"/>
  <system-out/>
  <testcase classname="datareading.ProductSearch" name="testSeachProduct" time="12.599"/>
  <system-out/>
</testsuite> <!-- datareading.ProductSearch -->
